TN:
SF:src/funkoFunctions.ts
FN:18,checkPath
FN:51,addFunko
FN:93,printFunko
FN:111,listFunko
FN:137,deleteFunko
FN:183,modifyFunko
FN:229,showFunko
FNF:7
FNH:6
FNDA:11,checkPath
FNDA:4,addFunko
FNDA:0,printFunko
FNDA:2,listFunko
FNDA:4,deleteFunko
FNDA:2,modifyFunko
FNDA:2,showFunko
DA:1,1
DA:2,1
DA:3,1
DA:14,1
DA:18,1
DA:19,11
DA:20,11
DA:21,11
DA:22,11
DA:23,11
DA:24,0
DA:25,0
DA:26,0
DA:27,0
DA:28,0
DA:29,0
DA:30,0
DA:31,0
DA:32,0
DA:33,0
DA:34,11
DA:35,11
DA:36,0
DA:37,0
DA:38,0
DA:39,0
DA:40,0
DA:41,0
DA:42,0
DA:43,0
DA:44,0
DA:45,11
DA:46,11
DA:47,11
DA:48,11
DA:49,11
DA:51,1
DA:52,4
DA:53,4
DA:54,4
DA:55,4
DA:56,4
DA:57,4
DA:58,4
DA:59,0
DA:60,0
DA:61,0
DA:62,0
DA:63,4
DA:64,4
DA:65,4
DA:66,1
DA:67,4
DA:68,4
DA:69,1
DA:70,1
DA:71,1
DA:72,1
DA:73,3
DA:74,3
DA:75,3
DA:76,3
DA:77,0
DA:78,0
DA:79,0
DA:80,0
DA:81,3
DA:82,3
DA:83,3
DA:84,4
DA:85,4
DA:86,4
DA:87,4
DA:93,1
DA:94,0
DA:95,0
DA:96,0
DA:97,0
DA:98,0
DA:99,0
DA:100,0
DA:101,0
DA:102,0
DA:103,0
DA:104,0
DA:105,0
DA:111,1
DA:112,2
DA:113,2
DA:114,2
DA:115,2
DA:116,2
DA:117,2
DA:118,2
DA:119,2
DA:120,1
DA:121,1
DA:122,1
DA:123,1
DA:124,1
DA:125,1
DA:126,1
DA:127,1
DA:128,2
DA:129,2
DA:130,2
DA:137,1
DA:138,4
DA:139,4
DA:140,4
DA:141,4
DA:142,4
DA:143,4
DA:144,4
DA:145,0
DA:146,0
DA:147,0
DA:148,0
DA:149,4
DA:150,4
DA:151,4
DA:152,4
DA:153,3
DA:154,4
DA:155,4
DA:156,1
DA:157,1
DA:158,1
DA:159,1
DA:160,3
DA:161,3
DA:162,3
DA:163,3
DA:164,3
DA:165,3
DA:166,0
DA:167,0
DA:168,0
DA:169,0
DA:170,3
DA:171,3
DA:172,3
DA:173,4
DA:174,4
DA:175,4
DA:176,4
DA:183,1
DA:184,2
DA:185,2
DA:186,2
DA:187,2
DA:188,2
DA:189,2
DA:190,2
DA:191,0
DA:192,0
DA:193,0
DA:194,0
DA:195,2
DA:196,2
DA:197,2
DA:198,2
DA:199,2
DA:200,2
DA:201,1
DA:202,1
DA:203,1
DA:204,1
DA:205,1
DA:206,1
DA:207,1
DA:208,1
DA:209,1
DA:210,1
DA:211,1
DA:212,0
DA:213,0
DA:214,0
DA:215,0
DA:216,1
DA:217,1
DA:218,1
DA:219,2
DA:220,2
DA:221,2
DA:222,2
DA:229,1
DA:230,2
DA:231,2
DA:232,2
DA:233,2
DA:234,2
DA:235,2
DA:236,2
DA:237,0
DA:238,0
DA:239,0
DA:240,0
DA:241,2
DA:242,2
DA:243,2
DA:244,1
DA:245,2
DA:246,2
DA:247,1
DA:248,1
DA:249,1
DA:250,1
DA:251,1
DA:252,1
DA:253,1
DA:254,1
DA:255,2
DA:256,2
DA:257,2
DA:258,2
LF:216
LH:157
BRDA:18,0,0,11
BRDA:21,1,0,11
BRDA:22,2,0,11
BRDA:23,3,0,0
BRDA:34,4,0,11
BRDA:35,5,0,0
BRDA:51,6,0,4
BRDA:52,7,0,4
BRDA:57,8,0,4
BRDA:58,9,0,0
BRDA:68,10,0,3
BRDA:68,11,0,1
BRDA:65,12,0,1
BRDA:75,13,0,3
BRDA:76,14,0,0
BRDA:111,15,0,2
BRDA:112,16,0,2
BRDA:117,17,0,2
BRDA:119,18,0,1
BRDA:137,19,0,4
BRDA:138,20,0,4
BRDA:143,21,0,4
BRDA:144,22,0,0
BRDA:155,23,0,3
BRDA:155,24,0,1
BRDA:152,25,0,3
BRDA:161,26,0,3
BRDA:164,27,0,3
BRDA:165,28,0,0
BRDA:183,29,0,2
BRDA:184,30,0,2
BRDA:189,31,0,2
BRDA:190,32,0,0
BRDA:200,33,0,1
BRDA:197,34,0,2
BRDA:206,35,0,1
BRDA:210,36,0,1
BRDA:211,37,0,0
BRDA:229,38,0,2
BRDA:230,39,0,2
BRDA:235,40,0,2
BRDA:236,41,0,0
BRDA:246,42,0,1
BRDA:243,43,0,1
BRF:44
BRH:35
end_of_record
TN:
SF:src/funkoPop.ts
FNF:0
FNH:0
DA:4,1
DA:5,1
DA:11,1
DA:12,1
LF:4
LH:4
BRDA:4,0,0,6
BRDA:11,1,0,6
BRF:2
BRH:2
end_of_record
TN:
SF:src/service.ts
FN:1,(empty-report)
FNF:1
FNH:1
FNDA:1,(empty-report)
DA:2,0
DA:4,0
DA:14,0
DA:15,0
DA:17,0
DA:18,0
DA:19,0
DA:20,0
DA:21,0
DA:22,0
DA:23,0
DA:24,0
DA:25,0
DA:26,0
DA:27,0
DA:28,0
DA:29,0
DA:30,0
DA:31,0
DA:32,0
DA:33,0
DA:34,0
DA:35,0
DA:37,0
DA:38,0
DA:39,0
DA:40,0
DA:41,0
DA:42,0
DA:43,0
DA:44,0
DA:45,0
DA:46,0
DA:47,0
DA:48,0
DA:49,0
DA:50,0
DA:51,0
DA:52,0
DA:53,0
DA:54,0
DA:55,0
DA:56,0
DA:57,0
DA:58,0
DA:59,0
DA:60,0
DA:61,0
DA:62,0
DA:63,0
DA:64,0
DA:65,0
DA:66,0
DA:67,0
DA:68,0
DA:69,0
DA:70,0
DA:71,0
DA:73,0
DA:74,0
DA:75,0
DA:76,0
DA:77,0
DA:78,0
DA:79,0
DA:80,0
DA:81,0
DA:82,0
DA:83,0
DA:84,0
DA:85,0
DA:86,0
DA:87,0
DA:88,0
DA:89,0
DA:90,0
DA:91,0
DA:92,0
DA:93,0
DA:94,0
DA:95,0
DA:96,0
DA:97,0
DA:98,0
DA:99,0
DA:102,0
DA:103,0
DA:104,0
DA:105,0
DA:106,0
DA:107,0
DA:108,0
DA:109,0
DA:110,0
DA:111,0
DA:112,0
DA:113,0
DA:114,0
DA:115,0
DA:116,0
DA:117,0
DA:118,0
DA:119,0
DA:120,0
DA:121,0
DA:122,0
DA:123,0
DA:124,0
DA:125,0
DA:126,0
DA:127,0
DA:128,0
DA:129,0
DA:130,0
DA:131,0
DA:132,0
DA:133,0
DA:134,0
DA:136,0
DA:137,0
DA:138,0
DA:139,0
DA:140,0
DA:141,0
DA:142,0
DA:143,0
DA:144,0
DA:145,0
DA:146,0
DA:147,0
DA:148,0
DA:149,0
DA:150,0
DA:151,0
DA:152,0
DA:153,0
DA:154,0
DA:155,0
DA:156,0
DA:157,0
DA:158,0
DA:159,0
DA:160,0
DA:161,0
DA:162,0
DA:163,0
DA:164,0
DA:165,0
DA:166,0
DA:167,0
DA:168,0
DA:169,0
DA:170,0
DA:171,0
DA:172,0
DA:173,0
DA:174,0
DA:175,0
DA:176,0
DA:177,0
DA:178,0
DA:179,0
DA:180,0
DA:181,0
DA:183,0
DA:184,0
DA:185,0
LF:167
LH:0
BRDA:1,0,0,1
BRF:1
BRH:1
end_of_record
TN:
SF:src/wizardAPI.ts
FN:11,findSpell
FNF:1
FNH:1
FNDA:7,findSpell
DA:1,1
DA:11,1
DA:12,7
DA:13,7
DA:14,7
DA:15,6
DA:16,6
DA:17,7
DA:18,3
DA:19,3
DA:20,7
DA:21,0
DA:22,0
DA:23,7
DA:24,2
DA:25,2
DA:26,7
DA:27,0
DA:28,0
DA:29,7
DA:30,1
DA:31,1
DA:32,7
DA:33,7
DA:34,7
DA:35,0
DA:36,0
DA:37,7
DA:38,7
DA:39,7
DA:40,2
DA:41,2
DA:42,5
DA:43,5
DA:44,5
DA:45,7
DA:46,7
DA:47,7
DA:48,7
DA:50,1
DA:51,1
DA:52,1
LF:42
LH:36
BRDA:11,0,0,7
BRDA:12,1,0,7
BRDA:14,2,0,4
BRDA:14,3,0,2
BRDA:14,4,0,6
BRDA:17,5,0,3
BRDA:20,6,0,3
BRDA:20,7,0,0
BRDA:23,8,0,2
BRDA:26,9,0,4
BRDA:26,10,0,5
BRDA:26,11,0,0
BRDA:29,12,0,1
BRDA:33,13,0,7
BRDA:34,14,0,0
BRDA:39,15,0,2
BRDA:41,16,0,5
BRDA:52,17,0,1
BRF:18
BRH:15
end_of_record
